<?xml version="1.0" encoding="UTF-8"?>
<!-- Generated by org.testng.reporters.JUnitReportReporter -->
<testsuite hostname="DESKTOP-D3U2PDF" name="actilogintest.ActiLoginTest" tests="1" failures="0" timestamp="12 Jun 2019 12:09:24 GMT" time="93.009" errors="0">
  <testcase name="LoginToActiTIMEWithInvalidData" time="93.009" classname="actilogintest.ActiLoginTest"/>
</testsuite> <!-- actilogintest.ActiLoginTest -->
